<?xml version="1.0" encoding="UTF-8"?>
<!-- Generated by org.testng.reporters.JUnitXMLReporter -->
<testsuite hostname="DESKTOP-D1STLU7" ignored="0" name="Test" tests="4" failures="0" timestamp="2020-04-13T08:46:32 IST" time="251.84" errors="0">
  <testcase name="login" time="125.891" classname="ctsNaukriProject.Runner.ctsNaukriProjectRunner"/>
  <testcase name="login" time="57.398" classname="ctsNaukriProject.Runner.ctsNaukriProjectRunner2"/>
  <testcase name="login" time="46.212" classname="ctsNaukriProject.Runner.ctsNaukriProjectRunner3"/>
  <testcase name="login" time="20.983" classname="ctsNaukriProject.Runner.ctsNaukriProjectRunner4"/>
</testsuite> <!-- Test -->
