<?xml version="1.0" encoding="UTF-8"?>
<testng-results skipped="0" failed="0" ignored="0" total="4" passed="4">
  <reporter-output>
  </reporter-output>
  <suite name="Suite" duration-ms="251840" started-at="2020-04-13T08:42:20 IST" finished-at="2020-04-13T08:46:32 IST">
    <groups>
    </groups>
    <test name="Test" duration-ms="251840" started-at="2020-04-13T08:42:20 IST" finished-at="2020-04-13T08:46:32 IST">
      <class name="ctsNaukriProject.Runner.ctsNaukriProjectRunner">
        <test-method status="PASS" signature="setUP()[pri:0, instance:ctsNaukriProject.Runner.ctsNaukriProjectRunner@307f6b8c]" name="setUP" is-config="true" duration-ms="463" started-at="2020-04-13T08:42:20 IST" finished-at="2020-04-13T08:42:21 IST">
          <reporter-output>
          </reporter-output>
        </test-method> <!-- setUP -->
        <test-method status="PASS" signature="login(cucumber.api.testng.CucumberFeatureWrapper)[pri:0, instance:ctsNaukriProject.Runner.ctsNaukriProjectRunner@307f6b8c]" name="login" duration-ms="125891" started-at="2020-04-13T08:42:21 IST" description="login" data-provider="features" finished-at="2020-04-13T08:44:27 IST">
          <params>
            <param index="0">
              <value>
                <![CDATA[Test Naukri valid credentials Login]]>
              </value>
            </param>
          </params>
          <reporter-output>
          </reporter-output>
        </test-method> <!-- login -->
        <test-method status="PASS" signature="tearDown()[pri:0, instance:ctsNaukriProject.Runner.ctsNaukriProjectRunner@307f6b8c]" name="tearDown" is-config="true" duration-ms="132" started-at="2020-04-13T08:44:27 IST" finished-at="2020-04-13T08:44:27 IST">
          <reporter-output>
          </reporter-output>
        </test-method> <!-- tearDown -->
      </class> <!-- ctsNaukriProject.Runner.ctsNaukriProjectRunner -->
      <class name="ctsNaukriProject.Runner.ctsNaukriProjectRunner4">
        <test-method status="PASS" signature="setUP()[pri:0, instance:ctsNaukriProject.Runner.ctsNaukriProjectRunner4@51e2adc7]" name="setUP" is-config="true" duration-ms="142" started-at="2020-04-13T08:46:11 IST" finished-at="2020-04-13T08:46:11 IST">
          <reporter-output>
          </reporter-output>
        </test-method> <!-- setUP -->
        <test-method status="PASS" signature="login(cucumber.api.testng.CucumberFeatureWrapper)[pri:0, instance:ctsNaukriProject.Runner.ctsNaukriProjectRunner4@51e2adc7]" name="login" duration-ms="20983" started-at="2020-04-13T08:46:11 IST" description="login" data-provider="features" finished-at="2020-04-13T08:46:32 IST">
          <params>
            <param index="0">
              <value>
                <![CDATA[Test Naukri with invalid credentials Login]]>
              </value>
            </param>
          </params>
          <reporter-output>
          </reporter-output>
        </test-method> <!-- login -->
        <test-method status="PASS" signature="tearDown()[pri:0, instance:ctsNaukriProject.Runner.ctsNaukriProjectRunner4@51e2adc7]" name="tearDown" is-config="true" duration-ms="21" started-at="2020-04-13T08:46:32 IST" finished-at="2020-04-13T08:46:32 IST">
          <reporter-output>
          </reporter-output>
        </test-method> <!-- tearDown -->
      </class> <!-- ctsNaukriProject.Runner.ctsNaukriProjectRunner4 -->
      <class name="ctsNaukriProject.Runner.ctsNaukriProjectRunner2">
        <test-method status="PASS" signature="setUP()[pri:0, instance:ctsNaukriProject.Runner.ctsNaukriProjectRunner2@7a187f14]" name="setUP" is-config="true" duration-ms="38" started-at="2020-04-13T08:44:27 IST" finished-at="2020-04-13T08:44:27 IST">
          <reporter-output>
          </reporter-output>
        </test-method> <!-- setUP -->
        <test-method status="PASS" signature="login(cucumber.api.testng.CucumberFeatureWrapper)[pri:0, instance:ctsNaukriProject.Runner.ctsNaukriProjectRunner2@7a187f14]" name="login" duration-ms="57398" started-at="2020-04-13T08:44:27 IST" description="login" data-provider="features" finished-at="2020-04-13T08:45:25 IST">
          <params>
            <param index="0">
              <value>
                <![CDATA[search element from home page using getText]]>
              </value>
            </param>
          </params>
          <reporter-output>
          </reporter-output>
        </test-method> <!-- login -->
        <test-method status="PASS" signature="tearDown()[pri:0, instance:ctsNaukriProject.Runner.ctsNaukriProjectRunner2@7a187f14]" name="tearDown" is-config="true" duration-ms="27" started-at="2020-04-13T08:45:25 IST" finished-at="2020-04-13T08:45:25 IST">
          <reporter-output>
          </reporter-output>
        </test-method> <!-- tearDown -->
      </class> <!-- ctsNaukriProject.Runner.ctsNaukriProjectRunner2 -->
      <class name="ctsNaukriProject.Runner.ctsNaukriProjectRunner3">
        <test-method status="PASS" signature="setUP()[pri:0, instance:ctsNaukriProject.Runner.ctsNaukriProjectRunner3@6f195bc3]" name="setUP" is-config="true" duration-ms="39" started-at="2020-04-13T08:45:25 IST" finished-at="2020-04-13T08:45:25 IST">
          <reporter-output>
          </reporter-output>
        </test-method> <!-- setUP -->
        <test-method status="PASS" signature="login(cucumber.api.testng.CucumberFeatureWrapper)[pri:0, instance:ctsNaukriProject.Runner.ctsNaukriProjectRunner3@6f195bc3]" name="login" duration-ms="46212" started-at="2020-04-13T08:45:25 IST" description="login" data-provider="features" finished-at="2020-04-13T08:46:11 IST">
          <params>
            <param index="0">
              <value>
                <![CDATA[Doing Mouse Hover Actions]]>
              </value>
            </param>
          </params>
          <reporter-output>
          </reporter-output>
        </test-method> <!-- login -->
        <test-method status="PASS" signature="tearDown()[pri:0, instance:ctsNaukriProject.Runner.ctsNaukriProjectRunner3@6f195bc3]" name="tearDown" is-config="true" duration-ms="87" started-at="2020-04-13T08:46:11 IST" finished-at="2020-04-13T08:46:11 IST">
          <reporter-output>
          </reporter-output>
        </test-method> <!-- tearDown -->
      </class> <!-- ctsNaukriProject.Runner.ctsNaukriProjectRunner3 -->
    </test> <!-- Test -->
  </suite> <!-- Suite -->
</testng-results>
